

Microchip MPLAB XC8 Assembler V2.10 build 88905656 
                                                                                               Tue Feb 22 16:28:13 2022

Microchip MPLAB XC8 C Compiler v2.10 (Free license) build 20190730164152 Og1 
     1                           	processor	18F4550
     2                           	fnconf	rparam,??,?,0
     3                           	opt	pw 120
     4                           	opt	flic
     5                           	psect	cinit,global,reloc=2,class=CODE,delta=1
     6                           	psect	cstackCOMRAM,global,class=COMRAM,space=1,delta=1,noexec
     7                           	psect	text0,global,reloc=2,class=CODE,delta=1
     8                           	psect	intsave_regs,global,class=BIGRAM,space=1,delta=1,noexec
     9                           	psect	rparam,global,class=COMRAM,space=1,delta=1,noexec
    10  0000                     
    11                           ; Version 2.10
    12                           ; Generated 31/07/2019 GMT
    13                           ; 
    14                           ; Copyright © 2019, Microchip Technology Inc. and its subsidiaries ("Microchip")
    15                           ; All rights reserved.
    16                           ; 
    17                           ; This software is developed by Microchip Technology Inc. and its subsidiaries ("Microch
      +                          ip").
    18                           ; 
    19                           ; Redistribution and use in source and binary forms, with or without modification, are
    20                           ; permitted provided that the following conditions are met:
    21                           ; 
    22                           ;     1. Redistributions of source code must retain the above copyright notice, this lis
      +                          t of
    23                           ;        conditions and the following disclaimer.
    24                           ; 
    25                           ;     2. Redistributions in binary form must reproduce the above copyright notice, this 
      +                          list
    26                           ;        of conditions and the following disclaimer in the documentation and/or other
    27                           ;        materials provided with the distribution.
    28                           ; 
    29                           ;     3. Microchip's name may not be used to endorse or promote products derived from th
      +                          is
    30                           ;        software without specific prior written permission.
    31                           ; 
    32                           ; THIS SOFTWARE IS PROVIDED BY MICROCHIP "AS IS" AND ANY EXPRESS OR IMPLIED WARRANTIES,
    33                           ; INCLUDING, BUT NOT LIMITED TO, THE IMPLIED WARRANTIES OF MERCHANTABILITY AND FITNESS F
      +                          OR
    34                           ; PURPOSE ARE DISCLAIMED.  IN NO EVENT SHALL MICROCHIP BE LIABLE FOR ANY DIRECT, INDIREC
      +                          T,
    35                           ; INCIDENTAL, SPECIAL, EXEMPLARY, OR CONSEQUENTIAL DAMAGES (INCLUDING BUT NOT LIMITED TO
    36                           ; PROCUREMENT OF SUBSTITUTE GOODS OR SERVICES; LOSS OF USE, DATA OR PROFITS; OR BUSINESS
    37                           ; INTERRUPTION) HOWSOEVER CAUSED AND ON ANY THEORY OF LIABILITY, WHETHER IN CONTRACT, ST
      +                          RICT
    38                           ; LIABILITY, OR TORT (INCLUDING NEGLIGENCE OR OTHERWISE) ARISING IN ANY WAY OUT OF THE U
      +                          SE OF
    39                           ; THIS SOFTWARE, EVEN IF ADVISED OF THE POSSIBILITY OF SUCH DAMAGE.
    40                           ; 
    41                           ; 
    42                           ; Code-generator required, PIC18F4550 Definitions
    43                           ; 
    44                           ; SFR Addresses
    45  0000                     _PORTD	set	3971
    46  0000                     _PORTBbits	set	3969
    47  0000                     _TRISD	set	3989
    48  0000                     _TRISB	set	3987
    49                           
    50                           ; #config settings
    51  0000                     
    52                           	psect	cinit
    53  007FD8                     __pcinit:
    54                           	opt callstack 0
    55  007FD8                     start_initialization:
    56                           	opt callstack 0
    57  007FD8                     __initialization:
    58                           	opt callstack 0
    59  007FD8                     end_of_initialization:
    60                           	opt callstack 0
    61  007FD8                     __end_of__initialization:
    62                           	opt callstack 0
    63  007FD8  0100               	movlb	0
    64  007FDA  EFEF  F03F         	goto	_main	;jump to C main() function
    65                           
    66                           	psect	cstackCOMRAM
    67  000000                     __pcstackCOMRAM:
    68                           	opt callstack 0
    69  000000                     
    70                           ; 1 bytes @ 0x0
    71 ;;
    72 ;;Main: autosize = 0, tempsize = 0, incstack = 0, save=0
    73 ;;
    74 ;; *************** function _main *****************
    75 ;; Defined at:
    76 ;;		line 75 in file "main.c"
    77 ;; Parameters:    Size  Location     Type
    78 ;;		None
    79 ;; Auto vars:     Size  Location     Type
    80 ;;		None
    81 ;; Return value:  Size  Location     Type
    82 ;;                  1    wreg      void 
    83 ;; Registers used:
    84 ;;		wreg, status,2
    85 ;; Tracked objects:
    86 ;;		On entry : 0/0
    87 ;;		On exit  : 0/0
    88 ;;		Unchanged: 0/0
    89 ;; Data sizes:     COMRAM   BANK0   BANK1   BANK2   BANK3   BANK4   BANK5   BANK6   BANK7
    90 ;;      Params:         0       0       0       0       0       0       0       0       0
    91 ;;      Locals:         0       0       0       0       0       0       0       0       0
    92 ;;      Temps:          0       0       0       0       0       0       0       0       0
    93 ;;      Totals:         0       0       0       0       0       0       0       0       0
    94 ;;Total ram usage:        0 bytes
    95 ;; This function calls:
    96 ;;		Nothing
    97 ;; This function is called by:
    98 ;;		Startup code after reset
    99 ;; This function uses a non-reentrant model
   100 ;;
   101                           
   102                           	psect	text0
   103  007FDE                     __ptext0:
   104                           	opt callstack 0
   105  007FDE                     _main:
   106                           	opt callstack 31
   107  007FDE                     
   108                           ;main.c: 77:     TRISB = 0b00111111;
   109  007FDE  0E3F               	movlw	63
   110  007FE0  6E93               	movwf	147,c	;volatile
   111                           
   112                           ;main.c: 78:     TRISD = 0b00000000;
   113  007FE2  0E00               	movlw	0
   114  007FE4  6E95               	movwf	149,c	;volatile
   115  007FE6                     l695:
   116                           
   117                           ;main.c: 82:         if(PORTBbits.RB0 == 0)
   118  007FE6  B081               	btfsc	129,0,c	;volatile
   119  007FE8  EFF8  F03F         	goto	u11
   120  007FEC  EFFA  F03F         	goto	u10
   121  007FF0                     u11:
   122  007FF0  EFF3  F03F         	goto	l695
   123  007FF4                     u10:
   124  007FF4                     
   125                           ;main.c: 83:             PORTD = 0b00000101;
   126  007FF4  0E05               	movlw	5
   127  007FF6  6E83               	movwf	131,c	;volatile
   128  007FF8  EFF3  F03F         	goto	l695
   129  007FFC  EF00  F000         	goto	start
   130  008000                     __end_of_main:
   131                           	opt callstack 0
   132  0000                     
   133                           	psect	rparam
   134  0000                     tosu	equ	0xFFF
   135                           tosh	equ	0xFFE
   136                           tosl	equ	0xFFD
   137                           stkptr	equ	0xFFC
   138                           pclatu	equ	0xFFB
   139                           pclath	equ	0xFFA
   140                           pcl	equ	0xFF9
   141                           tblptru	equ	0xFF8
   142                           tblptrh	equ	0xFF7
   143                           tblptrl	equ	0xFF6
   144                           tablat	equ	0xFF5
   145                           prodh	equ	0xFF4
   146                           prodl	equ	0xFF3
   147                           indf0	equ	0xFEF
   148                           postinc0	equ	0xFEE
   149                           postdec0	equ	0xFED
   150                           preinc0	equ	0xFEC
   151                           plusw0	equ	0xFEB
   152                           fsr0h	equ	0xFEA
   153                           fsr0l	equ	0xFE9
   154                           wreg	equ	0xFE8
   155                           indf1	equ	0xFE7
   156                           postinc1	equ	0xFE6
   157                           postdec1	equ	0xFE5
   158                           preinc1	equ	0xFE4
   159                           plusw1	equ	0xFE3
   160                           fsr1h	equ	0xFE2
   161                           fsr1l	equ	0xFE1
   162                           bsr	equ	0xFE0
   163                           indf2	equ	0xFDF
   164                           postinc2	equ	0xFDE
   165                           postdec2	equ	0xFDD
   166                           preinc2	equ	0xFDC
   167                           plusw2	equ	0xFDB
   168                           fsr2h	equ	0xFDA
   169                           fsr2l	equ	0xFD9
   170                           status	equ	0xFD8


Data Sizes:
    Strings     0
    Constant    0
    Data        0
    BSS         0
    Persistent  0
    Stack       0

Auto Spaces:
    Space          Size  Autos    Used
    COMRAM           95      0       0
    BANK0           160      0       0
    BANK1           256      0       0
    BANK2           256      0       0
    BANK3           256      0       0
    BANK4           256      0       0
    BANK5           256      0       0
    BANK6           256      0       0
    BANK7           256      0       0

Pointer List with Targets:

    None.

Critical Paths under _main in COMRAM

    None.

Critical Paths under _main in BANK0

    None.

Critical Paths under _main in BANK1

    None.

Critical Paths under _main in BANK2

    None.

Critical Paths under _main in BANK3

    None.

Critical Paths under _main in BANK4

    None.

Critical Paths under _main in BANK5

    None.

Critical Paths under _main in BANK6

    None.

Critical Paths under _main in BANK7

    None.

Call Graph Tables:

 ---------------------------------------------------------------------------------
 (Depth) Function   	        Calls       Base Space   Used Autos Params    Refs
 ---------------------------------------------------------------------------------
 (0) _main                                                 0     0      0       0
 ---------------------------------------------------------------------------------
 Estimated maximum stack depth 0
 ---------------------------------------------------------------------------------

 Call Graph Graphs:

 _main (ROOT)

 Address spaces:
Name               Size   Autos  Total    Cost      Usage
BITCOMRAM           5F      0       0       0        0.0%
EEDATA             100      0       0       0        0.0%
NULL                 0      0       0       0        0.0%
CODE                 0      0       0       0        0.0%
COMRAM              5F      0       0       1        0.0%
STACK                0      0       0       2        0.0%
DATA                 0      0       0       3        0.0%
BITBANK0            A0      0       0       4        0.0%
BANK0               A0      0       0       5        0.0%
BITBANK1           100      0       0       6        0.0%
BANK1              100      0       0       7        0.0%
BITBANK2           100      0       0       8        0.0%
BANK2              100      0       0       9        0.0%
BITBANK3           100      0       0      10        0.0%
BANK3              100      0       0      11        0.0%
BITBANK4           100      0       0      12        0.0%
BANK4              100      0       0      13        0.0%
BITBANK5           100      0       0      14        0.0%
BANK5              100      0       0      15        0.0%
BITBANK6           100      0       0      16        0.0%
BANK6              100      0       0      17        0.0%
BITBANK7           100      0       0      18        0.0%
BANK7              100      0       0      19        0.0%
ABS                  0      0       0      20        0.0%
BIGRAM             7FF      0       0      21        0.0%
BITSFR               0      0       0     200        0.0%
SFR                  0      0       0     200        0.0%


Microchip Technology PIC18 Macro Assembler V2.10 build 88905656 
Symbol Table                                                                                   Tue Feb 22 16:28:13 2022

                     u10 7FF4                       u11 7FF0              __CFG_BOR$ON 000000  
            __CFG_BORV$3 000000             __CFG_CP0$OFF 000000             __CFG_CP1$OFF 000000  
           __CFG_CP2$OFF 000000             __CFG_CP3$OFF 000000              __CFG_LVP$ON 000000  
                    l693 7FDE                      l695 7FE6                      l697 7FF4  
           __CFG_CPB$OFF 000000             __CFG_CPD$OFF 000000             __CFG_FOSC$HS 000000  
           __CFG_WDT$OFF 000000                     _main 7FDE                     start 0000  
          __CFG_IESO$OFF 000000            __CFG_MCLRE$ON 000000             ___param_bank 000000  
          __CFG_PLLDIV$1 000000           __CFG_CCP2MX$ON 000000                    ?_main 0000  
                  _PORTD 000F83            __CFG_USBDIV$1 000000                    _TRISB 000F93  
                  _TRISD 000F95            __CFG_PWRT$OFF 000000            __CFG_WRT0$OFF 000000  
          __CFG_WRT1$OFF 000000            __CFG_WRT2$OFF 000000            __CFG_WRT3$OFF 000000  
         __CFG_EBTR0$OFF 000000           __CFG_FCMEN$OFF 000000           __CFG_EBTR1$OFF 000000  
         __CFG_EBTR2$OFF 000000           __CFG_EBTR3$OFF 000000            __CFG_WRTB$OFF 000000  
          __CFG_WRTC$OFF 000000            __CFG_WRTD$OFF 000000           __CFG_EBTRB$OFF 000000  
         __CFG_ICPRT$OFF 000000           __CFG_PBADEN$ON 000000          __initialization 7FD8  
           __end_of_main 8000                   ??_main 0000            __activetblptr 000000  
         __CFG_XINST$OFF 000000           __CFG_STVREN$ON 000000               __accesstop 0060  
__end_of__initialization 7FD8            ___rparam_used 000001           __pcstackCOMRAM 0000  
        __CFG_VREGEN$OFF 000000                  __Hparam 0000                  __Lparam 0000  
                __pcinit 7FD8                  __ramtop 0800                  __ptext0 7FDE  
   end_of_initialization 7FD8                _PORTBbits 000F81      start_initialization 7FD8  
       __CFG_LPT1OSC$OFF 000000         __CFG_WDTPS$32768 000000                 __Hrparam 0000  
               __Lrparam 0000            __size_of_main 0022    __CFG_CPUDIV$OSC1_PLL2 000000  
