

Microchip MPLAB XC8 Assembler V2.10 build 88905656 
                                                                                               Tue Mar 22 16:36:33 2022

Microchip MPLAB XC8 C Compiler v2.10 (Free license) build 20190730164152 Og1 
     1                           	processor	18F4550
     2                           	fnconf	rparam,??,?,0
     3                           	opt	pw 120
     4                           	opt	flic
     5                           	psect	cinit,global,reloc=2,class=CODE,delta=1
     6                           	psect	cstackCOMRAM,global,class=COMRAM,space=1,delta=1,noexec
     7                           	psect	text0,global,reloc=2,class=CODE,delta=1
     8                           	psect	intcode,global,reloc=2,class=CODE,delta=1
     9                           	psect	intcode_body,global,reloc=2,class=CODE,delta=1
    10                           	psect	intsave_regs,global,class=BIGRAM,space=1,delta=1,noexec
    11                           	psect	rparam,global,class=COMRAM,space=1,delta=1,noexec
    12                           	psect	temp,global,ovrld,common,class=COMRAM,space=1,delta=1
    13  0000                     
    14                           ; Version 2.10
    15                           ; Generated 31/07/2019 GMT
    16                           ; 
    17                           ; Copyright © 2019, Microchip Technology Inc. and its subsidiaries ("Microchip")
    18                           ; All rights reserved.
    19                           ; 
    20                           ; This software is developed by Microchip Technology Inc. and its subsidiaries ("Microch
      +                          ip").
    21                           ; 
    22                           ; Redistribution and use in source and binary forms, with or without modification, are
    23                           ; permitted provided that the following conditions are met:
    24                           ; 
    25                           ;     1. Redistributions of source code must retain the above copyright notice, this lis
      +                          t of
    26                           ;        conditions and the following disclaimer.
    27                           ; 
    28                           ;     2. Redistributions in binary form must reproduce the above copyright notice, this 
      +                          list
    29                           ;        of conditions and the following disclaimer in the documentation and/or other
    30                           ;        materials provided with the distribution.
    31                           ; 
    32                           ;     3. Microchip's name may not be used to endorse or promote products derived from th
      +                          is
    33                           ;        software without specific prior written permission.
    34                           ; 
    35                           ; THIS SOFTWARE IS PROVIDED BY MICROCHIP "AS IS" AND ANY EXPRESS OR IMPLIED WARRANTIES,
    36                           ; INCLUDING, BUT NOT LIMITED TO, THE IMPLIED WARRANTIES OF MERCHANTABILITY AND FITNESS F
      +                          OR
    37                           ; PURPOSE ARE DISCLAIMED.  IN NO EVENT SHALL MICROCHIP BE LIABLE FOR ANY DIRECT, INDIREC
      +                          T,
    38                           ; INCIDENTAL, SPECIAL, EXEMPLARY, OR CONSEQUENTIAL DAMAGES (INCLUDING BUT NOT LIMITED TO
    39                           ; PROCUREMENT OF SUBSTITUTE GOODS OR SERVICES; LOSS OF USE, DATA OR PROFITS; OR BUSINESS
    40                           ; INTERRUPTION) HOWSOEVER CAUSED AND ON ANY THEORY OF LIABILITY, WHETHER IN CONTRACT, ST
      +                          RICT
    41                           ; LIABILITY, OR TORT (INCLUDING NEGLIGENCE OR OTHERWISE) ARISING IN ANY WAY OUT OF THE U
      +                          SE OF
    42                           ; THIS SOFTWARE, EVEN IF ADVISED OF THE POSSIBILITY OF SUCH DAMAGE.
    43                           ; 
    44                           ; 
    45                           ; Code-generator required, PIC18F4550 Definitions
    46                           ; 
    47                           ; SFR Addresses
    48  0000                     _TMR0L	set	4054
    49  0000                     _TMR0H	set	4055
    50  0000                     _TRISD	set	3989
    51  0000                     _TRISB	set	3987
    52  0000                     _T0CON	set	4053
    53  0000                     _INTCON2bits	set	4081
    54  0000                     _RCONbits	set	4048
    55  0000                     _PORTD	set	3971
    56  0000                     _PORTB	set	3969
    57  0000                     _INTCONbits	set	4082
    58                           
    59                           ; #config settings
    60  0000                     
    61                           	psect	cinit
    62  000080                     __pcinit:
    63                           	opt callstack 0
    64  000080                     start_initialization:
    65                           	opt callstack 0
    66  000080                     __initialization:
    67                           	opt callstack 0
    68  000080                     end_of_initialization:
    69                           	opt callstack 0
    70  000080                     __end_of__initialization:
    71                           	opt callstack 0
    72  000080  9001               	bcf	int$flags,0,c	;clear compiler interrupt flag (level 1)
    73  000082  9201               	bcf	int$flags,1,c	;clear compiler interrupt flag (level 2)
    74  000084  0100               	movlb	0
    75  000086  EF27  F000         	goto	_main	;jump to C main() function
    76                           
    77                           	psect	cstackCOMRAM
    78  000000                     __pcstackCOMRAM:
    79                           	opt callstack 0
    80  000000                     
    81                           ; 1 bytes @ 0x0
    82 ;;
    83 ;;Main: autosize = 0, tempsize = 0, incstack = 0, save=0
    84 ;;
    85 ;; *************** function _main *****************
    86 ;; Defined at:
    87 ;;		line 90 in file "main.c"
    88 ;; Parameters:    Size  Location     Type
    89 ;;		None
    90 ;; Auto vars:     Size  Location     Type
    91 ;;		None
    92 ;; Return value:  Size  Location     Type
    93 ;;                  1    wreg      void 
    94 ;; Registers used:
    95 ;;		wreg, status,2
    96 ;; Tracked objects:
    97 ;;		On entry : 0/0
    98 ;;		On exit  : 0/0
    99 ;;		Unchanged: 0/0
   100 ;; Data sizes:     COMRAM   BANK0   BANK1   BANK2   BANK3   BANK4   BANK5   BANK6   BANK7
   101 ;;      Params:         0       0       0       0       0       0       0       0       0
   102 ;;      Locals:         0       0       0       0       0       0       0       0       0
   103 ;;      Temps:          0       0       0       0       0       0       0       0       0
   104 ;;      Totals:         0       0       0       0       0       0       0       0       0
   105 ;;Total ram usage:        0 bytes
   106 ;; Hardware stack levels required when called:    1
   107 ;; This function calls:
   108 ;;		Nothing
   109 ;; This function is called by:
   110 ;;		Startup code after reset
   111 ;; This function uses a non-reentrant model
   112 ;;
   113                           
   114                           	psect	text0
   115  00004E                     __ptext0:
   116                           	opt callstack 0
   117  00004E                     _main:
   118                           	opt callstack 30
   119  00004E                     
   120                           ;main.c: 92:     RCONbits.IPEN = 1;
   121  00004E  8ED0               	bsf	208,7,c	;volatile
   122                           
   123                           ;main.c: 93:     INTCONbits.GIEH = 1;
   124  000050  8EF2               	bsf	242,7,c	;volatile
   125                           
   126                           ;main.c: 94:     INTCONbits.GIEL = 0;
   127  000052  9CF2               	bcf	242,6,c	;volatile
   128                           
   129                           ;main.c: 95:     INTCONbits.TMR0IF = 0;
   130  000054  94F2               	bcf	242,2,c	;volatile
   131                           
   132                           ;main.c: 96:     INTCONbits.TMR0IE = 1;
   133  000056  8AF2               	bsf	242,5,c	;volatile
   134                           
   135                           ;main.c: 97:     INTCON2bits.TMR0IP = 1;
   136  000058  84F1               	bsf	241,2,c	;volatile
   137  00005A                     
   138                           ;main.c: 100:     T0CON = 0b10000011;
   139  00005A  0E83               	movlw	131
   140  00005C  6ED5               	movwf	213,c	;volatile
   141                           
   142                           ;main.c: 103:     TRISB = 0x00;
   143  00005E  0E00               	movlw	0
   144  000060  6E93               	movwf	147,c	;volatile
   145                           
   146                           ;main.c: 104:     PORTB = 0x00;
   147  000062  0E00               	movlw	0
   148  000064  6E81               	movwf	129,c	;volatile
   149                           
   150                           ;main.c: 106:     TRISD = 0x00;
   151  000066  0E00               	movlw	0
   152  000068  6E95               	movwf	149,c	;volatile
   153                           
   154                           ;main.c: 107:     PORTD = 0x00;
   155  00006A  0E00               	movlw	0
   156  00006C  6E83               	movwf	131,c	;volatile
   157                           
   158                           ;main.c: 109:     ((void)(TMR0H=((3036)>>8),TMR0L=((3036)&0xFF)));
   159  00006E  0E0B               	movlw	11
   160  000070  6ED7               	movwf	215,c	;volatile
   161  000072  0EDC               	movlw	220
   162  000074  6ED6               	movwf	214,c	;volatile
   163  000076                     l32:
   164  000076  0004               	clrwdt		;# 
   165  000078  EF3B  F000         	goto	l32
   166  00007C  EF07  F000         	goto	start
   167  000080                     __end_of_main:
   168                           	opt callstack 0
   169                           
   170 ;; *************** function _isr_inter *****************
   171 ;; Defined at:
   172 ;;		line 74 in file "main.c"
   173 ;; Parameters:    Size  Location     Type
   174 ;;		None
   175 ;; Auto vars:     Size  Location     Type
   176 ;;		None
   177 ;; Return value:  Size  Location     Type
   178 ;;                  1    wreg      void 
   179 ;; Registers used:
   180 ;;		wreg, status,2, status,0
   181 ;; Tracked objects:
   182 ;;		On entry : 0/0
   183 ;;		On exit  : 0/0
   184 ;;		Unchanged: 0/0
   185 ;; Data sizes:     COMRAM   BANK0   BANK1   BANK2   BANK3   BANK4   BANK5   BANK6   BANK7
   186 ;;      Params:         0       0       0       0       0       0       0       0       0
   187 ;;      Locals:         0       0       0       0       0       0       0       0       0
   188 ;;      Temps:          0       0       0       0       0       0       0       0       0
   189 ;;      Totals:         0       0       0       0       0       0       0       0       0
   190 ;;Total ram usage:        0 bytes
   191 ;; Hardware stack levels used:    1
   192 ;; This function calls:
   193 ;;		Nothing
   194 ;; This function is called by:
   195 ;;		Interrupt level 2
   196 ;; This function uses a non-reentrant model
   197 ;;
   198                           
   199                           	psect	intcode
   200  000008                     __pintcode:
   201                           	opt callstack 0
   202  000008                     _isr_inter:
   203                           	opt callstack 30
   204                           
   205                           ;incstack = 0
   206  000008  8201               	bsf	int$flags,1,c	;set compiler interrupt flag (level 2)
   207  00000A  ED09  F000         	call	int_func,f	;refresh shadow registers
   208                           
   209                           	psect	intcode_body
   210  000012                     __pintcode_body:
   211                           	opt callstack 30
   212  000012                     int_func:
   213                           	opt callstack 30
   214  000012  0006               	pop		; remove dummy address from shadow register refresh
   215  000014                     
   216                           ;main.c: 76:     if(INTCONbits.TMR0IF == 1 && INTCONbits.TMR0IE == 1){
   217  000014  A4F2               	btfss	242,2,c	;volatile
   218  000016  EF0F  F000         	goto	i2u1_41
   219  00001A  EF11  F000         	goto	i2u1_40
   220  00001E                     i2u1_41:
   221  00001E  EF25  F000         	goto	i2l27
   222  000022                     i2u1_40:
   223  000022  AAF2               	btfss	242,5,c	;volatile
   224  000024  EF16  F000         	goto	i2u2_41
   225  000028  EF18  F000         	goto	i2u2_40
   226  00002C                     i2u2_41:
   227  00002C  EF25  F000         	goto	i2l27
   228  000030                     i2u2_40:
   229  000030                     
   230                           ;main.c: 77:         PORTB ++;
   231  000030  2A81               	incf	129,f,c	;volatile
   232  000032                     
   233                           ;main.c: 79:         if(PORTB >= 60){
   234  000032  0E3B               	movlw	59
   235  000034  6481               	cpfsgt	129,c	;volatile
   236  000036  EF1F  F000         	goto	i2u3_41
   237  00003A  EF21  F000         	goto	i2u3_40
   238  00003E                     i2u3_41:
   239  00003E  EF24  F000         	goto	i2l723
   240  000042                     i2u3_40:
   241  000042                     
   242                           ;main.c: 80:             PORTD ++;
   243  000042  2A83               	incf	131,f,c	;volatile
   244  000044                     
   245                           ;main.c: 81:             PORTB = 0;
   246  000044  0E00               	movlw	0
   247  000046  6E81               	movwf	129,c	;volatile
   248  000048                     i2l723:
   249                           
   250                           ;main.c: 84:         INTCONbits.TMR0IF = 0;
   251  000048  94F2               	bcf	242,2,c	;volatile
   252  00004A                     i2l27:
   253  00004A  9201               	bcf	int$flags,1,c	;clear compiler interrupt flag (level 2)
   254  00004C  0011               	retfie		f
   255  00004E                     __end_of_isr_inter:
   256                           	opt callstack 0
   257  0000                     
   258                           	psect	rparam
   259  0000                     
   260                           	psect	temp
   261  000001                     btemp:
   262                           	opt callstack 0
   263  000001                     	ds	1
   264  0000                     int$flags	set	btemp
   265  0000                     wtemp8	set	btemp+1
   266  0000                     ttemp5	set	btemp+1
   267  0000                     ttemp6	set	btemp+4
   268  0000                     ttemp7	set	btemp+8
   269                           tosu	equ	0xFFF
   270                           tosh	equ	0xFFE
   271                           tosl	equ	0xFFD
   272                           stkptr	equ	0xFFC
   273                           pclatu	equ	0xFFB
   274                           pclath	equ	0xFFA
   275                           pcl	equ	0xFF9
   276                           tblptru	equ	0xFF8
   277                           tblptrh	equ	0xFF7
   278                           tblptrl	equ	0xFF6
   279                           tablat	equ	0xFF5
   280                           prodh	equ	0xFF4
   281                           prodl	equ	0xFF3
   282                           indf0	equ	0xFEF
   283                           postinc0	equ	0xFEE
   284                           postdec0	equ	0xFED
   285                           preinc0	equ	0xFEC
   286                           plusw0	equ	0xFEB
   287                           fsr0h	equ	0xFEA
   288                           fsr0l	equ	0xFE9
   289                           wreg	equ	0xFE8
   290                           indf1	equ	0xFE7
   291                           postinc1	equ	0xFE6
   292                           postdec1	equ	0xFE5
   293                           preinc1	equ	0xFE4
   294                           plusw1	equ	0xFE3
   295                           fsr1h	equ	0xFE2
   296                           fsr1l	equ	0xFE1
   297                           bsr	equ	0xFE0
   298                           indf2	equ	0xFDF
   299                           postinc2	equ	0xFDE
   300                           postdec2	equ	0xFDD
   301                           preinc2	equ	0xFDC
   302                           plusw2	equ	0xFDB
   303                           fsr2h	equ	0xFDA
   304                           fsr2l	equ	0xFD9
   305                           status	equ	0xFD8


Data Sizes:
    Strings     0
    Constant    0
    Data        0
    BSS         0
    Persistent  0
    Stack       0

Auto Spaces:
    Space          Size  Autos    Used
    COMRAM           94      0       0
    BANK0           160      0       0
    BANK1           256      0       0
    BANK2           256      0       0
    BANK3           256      0       0
    BANK4           256      0       0
    BANK5           256      0       0
    BANK6           256      0       0
    BANK7           256      0       0

Pointer List with Targets:

    None.

Critical Paths under _main in COMRAM

    None.

Critical Paths under _isr_inter in COMRAM

    None.

Critical Paths under _main in BANK0

    None.

Critical Paths under _isr_inter in BANK0

    None.

Critical Paths under _main in BANK1

    None.

Critical Paths under _isr_inter in BANK1

    None.

Critical Paths under _main in BANK2

    None.

Critical Paths under _isr_inter in BANK2

    None.

Critical Paths under _main in BANK3

    None.

Critical Paths under _isr_inter in BANK3

    None.

Critical Paths under _main in BANK4

    None.

Critical Paths under _isr_inter in BANK4

    None.

Critical Paths under _main in BANK5

    None.

Critical Paths under _isr_inter in BANK5

    None.

Critical Paths under _main in BANK6

    None.

Critical Paths under _isr_inter in BANK6

    None.

Critical Paths under _main in BANK7

    None.

Critical Paths under _isr_inter in BANK7

    None.

Call Graph Tables:

 ---------------------------------------------------------------------------------
 (Depth) Function   	        Calls       Base Space   Used Autos Params    Refs
 ---------------------------------------------------------------------------------
 (0) _main                                                 0     0      0       0
 ---------------------------------------------------------------------------------
 Estimated maximum stack depth 0
 ---------------------------------------------------------------------------------
 (Depth) Function   	        Calls       Base Space   Used Autos Params    Refs
 ---------------------------------------------------------------------------------
 (1) _isr_inter                                            0     0      0       0
 ---------------------------------------------------------------------------------
 Estimated maximum stack depth 1
 ---------------------------------------------------------------------------------

 Call Graph Graphs:

 _main (ROOT)

 _isr_inter (ROOT)

 Address spaces:
Name               Size   Autos  Total    Cost      Usage
BITCOMRAM           5E      0       0       0        0.0%
EEDATA             100      0       0       0        0.0%
NULL                 0      0       0       0        0.0%
CODE                 0      0       0       0        0.0%
COMRAM              5E      0       0       1        0.0%
STACK                0      0       0       2        0.0%
DATA                 0      0       0       3        0.0%
BITBANK0            A0      0       0       4        0.0%
BANK0               A0      0       0       5        0.0%
BITBANK1           100      0       0       6        0.0%
BANK1              100      0       0       7        0.0%
BITBANK2           100      0       0       8        0.0%
BANK2              100      0       0       9        0.0%
BITBANK3           100      0       0      10        0.0%
BANK3              100      0       0      11        0.0%
BITBANK4           100      0       0      12        0.0%
BANK4              100      0       0      13        0.0%
BITBANK5           100      0       0      14        0.0%
BANK5              100      0       0      15        0.0%
BITBANK6           100      0       0      16        0.0%
BANK6              100      0       0      17        0.0%
BITBANK7           100      0       0      18        0.0%
BANK7              100      0       0      19        0.0%
ABS                  0      0       0      20        0.0%
BIGRAM             7FF      0       0      21        0.0%
BITSFR               0      0       0     200        0.0%
SFR                  0      0       0     200        0.0%


Microchip Technology PIC18 Macro Assembler V2.10 build 88905656 
Symbol Table                                                                                   Tue Mar 22 16:36:33 2022

                     l32 0076              __CFG_BOR$ON 000000              __CFG_BORV$3 000000  
           __CFG_CP0$OFF 000000             __CFG_CP1$OFF 000000             __CFG_CP2$OFF 000000  
           __CFG_CP3$OFF 000000              __CFG_LVP$ON 000000              __CFG_WDT$ON 000000  
                    l725 004E                      l727 005A             __CFG_CPB$OFF 000000  
           __CFG_CPD$OFF 000000                     i2l27 004A                     _main 004E  
                   btemp 0001                     start 000E            __CFG_IESO$OFF 000000  
          __CFG_MCLRE$ON 000000             ___param_bank 000000            __CFG_PLLDIV$1 000000  
         __CFG_CCP2MX$ON 000000                    ?_main 0000                    _T0CON 000FD5  
                  i2l711 0014                    i2l721 0044                    i2l713 0022  
                  i2l723 0048                    i2l715 0030                    i2l717 0032  
                  i2l719 0042                    _TMR0H 000FD7                    _TMR0L 000FD6  
                  _PORTB 000F81                    _PORTD 000F83            __CFG_USBDIV$1 000000  
                  _TRISB 000F93                    _TRISD 000F95            __CFG_PWRT$OFF 000000  
          __CFG_WRT0$OFF 000000            __CFG_WRT1$OFF 000000            __CFG_WRT2$OFF 000000  
          __CFG_WRT3$OFF 000000           __CFG_EBTR0$OFF 000000           __CFG_FCMEN$OFF 000000  
         __CFG_EBTR1$OFF 000000           __CFG_EBTR2$OFF 000000           __CFG_EBTR3$OFF 000000  
          __CFG_WRTB$OFF 000000            __CFG_WRTC$OFF 000000            __CFG_WRTD$OFF 000000  
         __CFG_EBTRB$OFF 000000                    ttemp5 0002                    ttemp6 0005  
                  ttemp7 0009                    wtemp8 0002           __CFG_ICPRT$OFF 000000  
        __initialization 0080             __end_of_main 0080                   ??_main 0000  
          __activetblptr 000000           __CFG_WDTPS$256 000000                   i2u1_40 0022  
                 i2u1_41 001E                   i2u2_40 0030                   i2u2_41 002C  
                 i2u3_40 0042                   i2u3_41 003E           __CFG_XINST$OFF 000000  
         __CFG_STVREN$ON 000000          __CFG_FOSC$EC_EC 000000               __accesstop 0060  
__end_of__initialization 0080          __CFG_PBADEN$OFF 000000            ___rparam_used 000001  
         __pcstackCOMRAM 0000       __size_of_isr_inter 0046          __CFG_VREGEN$OFF 000000  
                __Hparam 0000                  __Lparam 0000                  __pcinit 0080  
                __ramtop 0800                  __ptext0 004E        __end_of_isr_inter 004E  
         __pintcode_body 0012     end_of_initialization 0080                  int_func 0012  
    start_initialization 0080         __CFG_LPT1OSC$OFF 000000                __pintcode 0008  
              _isr_inter 0008                 _RCONbits 000FD0              _INTCON2bits 000FF1  
             ?_isr_inter 0000                 __Hrparam 0000                 __Lrparam 0000  
          __size_of_main 0032                 int$flags 0001    __CFG_CPUDIV$OSC1_PLL2 000000  
             _INTCONbits 000FF2                 intlevel2 0000              ??_isr_inter 0000  
